<?xml version="1.0" encoding="UTF-8"?>
<testng-results skipped="0" failed="0" ignored="0" total="1" passed="1">
  <reporter-output>
  </reporter-output>
  <suite name="Default suite" duration-ms="2585" started-at="2020-05-11T16:01:46 IST" finished-at="2020-05-11T16:01:49 IST">
    <groups>
    </groups>
    <test name="Default test" duration-ms="2585" started-at="2020-05-11T16:01:46 IST" finished-at="2020-05-11T16:01:49 IST">
      <class name="apiManager.staticJson">
        <test-method status="PASS" signature="testStaticJson()[pri:0, instance:apiManager.staticJson@28c4711c]" name="testStaticJson" duration-ms="2534" started-at="2020-05-11T16:01:46 IST" finished-at="2020-05-11T16:01:49 IST">
          <reporter-output>
          </reporter-output>
        </test-method> <!-- testStaticJson -->
      </class> <!-- apiManager.staticJson -->
    </test> <!-- Default test -->
  </suite> <!-- Default suite -->
</testng-results>
